[2024-06-05 16:09:08,639] INFO [GroupCoordinator 0]: Preparing to rebalance group console-consumer-75942 in state PreparingRebalance with old generation 1 (__consumer_offsets-18) (reason: Removing member console-consumer-bc95f17d-9f4d-412d-b1f4-7dca7b898708 on LeaveGroup; client reason: the consumer is being closed) (kafka.coordinator.group.GroupCoordinator)
[2024-06-05 16:09:08,640] INFO [GroupCoordinator 0]: Group console-consumer-75942 with generation 2 is now empty (__consumer_offsets-18) (kafka.coordinator.group.GroupCoordinator)
[2024-06-05 16:09:08,642] INFO [GroupCoordinator 0]: Member MemberMetadata(memberId=console-consumer-bc95f17d-9f4d-412d-b1f4-7dca7b898708, groupInstanceId=None, clientId=console-consumer, clientHost=/127.0.0.1, sessionTimeoutMs=45000, rebalanceTimeoutMs=300000, supportedProtocols=List(range, cooperative-sticky)) has left group console-consumer-75942 through explicit `LeaveGroup`; client reason: the consumer is being closed (kafka.coordinator.group.GroupCoordinator)
[2024-06-05 16:09:17,226] INFO Terminating process due to signal SIGINT (org.apache.kafka.common.utils.LoggingSignalHandler)
[2024-06-05 16:09:17,232] INFO [KafkaServer id=0] shutting down (kafka.server.KafkaServer)
[2024-06-05 16:09:17,234] INFO [KafkaServer id=0] Starting controlled shutdown (kafka.server.KafkaServer)
[2024-06-05 16:09:17,273] INFO [KafkaServer id=0] Controlled shutdown request returned successfully after 26ms (kafka.server.KafkaServer)
[2024-06-05 16:09:17,284] INFO [/config/changes-event-process-thread]: Shutting down (kafka.common.ZkNodeChangeNotificationListener$ChangeEventProcessThread)
[2024-06-05 16:09:17,284] INFO [/config/changes-event-process-thread]: Stopped (kafka.common.ZkNodeChangeNotificationListener$ChangeEventProcessThread)
[2024-06-05 16:09:17,284] INFO [/config/changes-event-process-thread]: Shutdown completed (kafka.common.ZkNodeChangeNotificationListener$ChangeEventProcessThread)
[2024-06-05 16:09:17,285] INFO [SocketServer listenerType=ZK_BROKER, nodeId=0] Stopping socket server request processors (kafka.network.SocketServer)
[2024-06-05 16:09:17,300] INFO [SocketServer listenerType=ZK_BROKER, nodeId=0] Stopped socket server request processors (kafka.network.SocketServer)
[2024-06-05 16:09:17,301] INFO [data-plane Kafka Request Handler on Broker 0], shutting down (kafka.server.KafkaRequestHandlerPool)
[2024-06-05 16:09:17,303] INFO [data-plane Kafka Request Handler on Broker 0], shut down completely (kafka.server.KafkaRequestHandlerPool)
[2024-06-05 16:09:17,305] INFO [ExpirationReaper-0-AlterAcls]: Shutting down (kafka.server.DelayedOperationPurgatory$ExpiredOperationReaper)
[2024-06-05 16:09:17,306] INFO [ExpirationReaper-0-AlterAcls]: Stopped (kafka.server.DelayedOperationPurgatory$ExpiredOperationReaper)
[2024-06-05 16:09:17,306] INFO [ExpirationReaper-0-AlterAcls]: Shutdown completed (kafka.server.DelayedOperationPurgatory$ExpiredOperationReaper)
[2024-06-05 16:09:17,307] INFO [KafkaApi-0] Shutdown complete. (kafka.server.KafkaApis)
[2024-06-05 16:09:17,308] INFO [ExpirationReaper-0-topic]: Shutting down (kafka.server.DelayedOperationPurgatory$ExpiredOperationReaper)
[2024-06-05 16:09:17,308] INFO [ExpirationReaper-0-topic]: Stopped (kafka.server.DelayedOperationPurgatory$ExpiredOperationReaper)
[2024-06-05 16:09:17,309] INFO [ExpirationReaper-0-topic]: Shutdown completed (kafka.server.DelayedOperationPurgatory$ExpiredOperationReaper)
[2024-06-05 16:09:17,310] INFO [TransactionCoordinator id=0] Shutting down. (kafka.coordinator.transaction.TransactionCoordinator)
[2024-06-05 16:09:17,311] INFO [Transaction State Manager 0]: Shutdown complete (kafka.coordinator.transaction.TransactionStateManager)
[2024-06-05 16:09:17,311] INFO [TxnMarkerSenderThread-0]: Shutting down (kafka.coordinator.transaction.TransactionMarkerChannelManager)
[2024-06-05 16:09:17,312] INFO [TxnMarkerSenderThread-0]: Stopped (kafka.coordinator.transaction.TransactionMarkerChannelManager)
[2024-06-05 16:09:17,312] INFO [TxnMarkerSenderThread-0]: Shutdown completed (kafka.coordinator.transaction.TransactionMarkerChannelManager)
[2024-06-05 16:09:17,313] INFO [TransactionCoordinator id=0] Shutdown complete. (kafka.coordinator.transaction.TransactionCoordinator)
[2024-06-05 16:09:17,313] INFO [GroupCoordinator 0]: Shutting down. (kafka.coordinator.group.GroupCoordinator)
[2024-06-05 16:09:17,314] INFO [ExpirationReaper-0-Heartbeat]: Shutting down (kafka.server.DelayedOperationPurgatory$ExpiredOperationReaper)
[2024-06-05 16:09:17,314] INFO [ExpirationReaper-0-Heartbeat]: Stopped (kafka.server.DelayedOperationPurgatory$ExpiredOperationReaper)
[2024-06-05 16:09:17,314] INFO [ExpirationReaper-0-Heartbeat]: Shutdown completed (kafka.server.DelayedOperationPurgatory$ExpiredOperationReaper)
[2024-06-05 16:09:17,314] INFO [ExpirationReaper-0-Rebalance]: Shutting down (kafka.server.DelayedOperationPurgatory$ExpiredOperationReaper)
[2024-06-05 16:09:17,315] INFO [ExpirationReaper-0-Rebalance]: Stopped (kafka.server.DelayedOperationPurgatory$ExpiredOperationReaper)
[2024-06-05 16:09:17,315] INFO [ExpirationReaper-0-Rebalance]: Shutdown completed (kafka.server.DelayedOperationPurgatory$ExpiredOperationReaper)
[2024-06-05 16:09:17,315] INFO [GroupCoordinator 0]: Shutdown complete. (kafka.coordinator.group.GroupCoordinator)
[2024-06-05 16:09:17,316] INFO [ReplicaManager broker=0] Shutting down (kafka.server.ReplicaManager)
[2024-06-05 16:09:17,317] INFO [LogDirFailureHandler]: Shutting down (kafka.server.ReplicaManager$LogDirFailureHandler)
[2024-06-05 16:09:17,317] INFO [LogDirFailureHandler]: Stopped (kafka.server.ReplicaManager$LogDirFailureHandler)
[2024-06-05 16:09:17,317] INFO [LogDirFailureHandler]: Shutdown completed (kafka.server.ReplicaManager$LogDirFailureHandler)
[2024-06-05 16:09:17,318] INFO [ReplicaFetcherManager on broker 0] shutting down (kafka.server.ReplicaFetcherManager)
[2024-06-05 16:09:17,319] INFO [ReplicaFetcherManager on broker 0] shutdown completed (kafka.server.ReplicaFetcherManager)
[2024-06-05 16:09:17,319] INFO [ReplicaAlterLogDirsManager on broker 0] shutting down (kafka.server.ReplicaAlterLogDirsManager)
[2024-06-05 16:09:17,319] INFO [ReplicaAlterLogDirsManager on broker 0] shutdown completed (kafka.server.ReplicaAlterLogDirsManager)
[2024-06-05 16:09:17,319] INFO [ExpirationReaper-0-Fetch]: Shutting down (kafka.server.DelayedOperationPurgatory$ExpiredOperationReaper)
[2024-06-05 16:09:17,319] INFO [ExpirationReaper-0-Fetch]: Stopped (kafka.server.DelayedOperationPurgatory$ExpiredOperationReaper)
[2024-06-05 16:09:17,319] INFO [ExpirationReaper-0-Fetch]: Shutdown completed (kafka.server.DelayedOperationPurgatory$ExpiredOperationReaper)
[2024-06-05 16:09:17,320] INFO [ExpirationReaper-0-RemoteFetch]: Shutting down (kafka.server.DelayedOperationPurgatory$ExpiredOperationReaper)
[2024-06-05 16:09:17,320] INFO [ExpirationReaper-0-RemoteFetch]: Stopped (kafka.server.DelayedOperationPurgatory$ExpiredOperationReaper)
[2024-06-05 16:09:17,320] INFO [ExpirationReaper-0-RemoteFetch]: Shutdown completed (kafka.server.DelayedOperationPurgatory$ExpiredOperationReaper)
[2024-06-05 16:09:17,320] INFO [ExpirationReaper-0-Produce]: Shutting down (kafka.server.DelayedOperationPurgatory$ExpiredOperationReaper)
[2024-06-05 16:09:17,321] INFO [ExpirationReaper-0-Produce]: Stopped (kafka.server.DelayedOperationPurgatory$ExpiredOperationReaper)
[2024-06-05 16:09:17,321] INFO [ExpirationReaper-0-Produce]: Shutdown completed (kafka.server.DelayedOperationPurgatory$ExpiredOperationReaper)
[2024-06-05 16:09:17,321] INFO [ExpirationReaper-0-DeleteRecords]: Shutting down (kafka.server.DelayedOperationPurgatory$ExpiredOperationReaper)
[2024-06-05 16:09:17,321] INFO [ExpirationReaper-0-DeleteRecords]: Stopped (kafka.server.DelayedOperationPurgatory$ExpiredOperationReaper)
[2024-06-05 16:09:17,321] INFO [ExpirationReaper-0-DeleteRecords]: Shutdown completed (kafka.server.DelayedOperationPurgatory$ExpiredOperationReaper)
[2024-06-05 16:09:17,321] INFO [ExpirationReaper-0-ElectLeader]: Shutting down (kafka.server.DelayedOperationPurgatory$ExpiredOperationReaper)
[2024-06-05 16:09:17,322] INFO [ExpirationReaper-0-ElectLeader]: Stopped (kafka.server.DelayedOperationPurgatory$ExpiredOperationReaper)
[2024-06-05 16:09:17,322] INFO [ExpirationReaper-0-ElectLeader]: Shutdown completed (kafka.server.DelayedOperationPurgatory$ExpiredOperationReaper)
[2024-06-05 16:09:17,331] INFO [AddPartitionsToTxnSenderThread-0]: Shutting down (kafka.server.AddPartitionsToTxnManager)
[2024-06-05 16:09:17,332] INFO [AddPartitionsToTxnSenderThread-0]: Stopped (kafka.server.AddPartitionsToTxnManager)
[2024-06-05 16:09:17,332] INFO [AddPartitionsToTxnSenderThread-0]: Shutdown completed (kafka.server.AddPartitionsToTxnManager)
[2024-06-05 16:09:17,332] INFO [ReplicaManager broker=0] Shut down completely (kafka.server.ReplicaManager)
[2024-06-05 16:09:17,333] INFO [zk-broker-0-to-controller-alter-partition-channel-manager]: Shutting down (kafka.server.NodeToControllerRequestThread)
[2024-06-05 16:09:17,333] INFO [zk-broker-0-to-controller-alter-partition-channel-manager]: Stopped (kafka.server.NodeToControllerRequestThread)
[2024-06-05 16:09:17,333] INFO [zk-broker-0-to-controller-alter-partition-channel-manager]: Shutdown completed (kafka.server.NodeToControllerRequestThread)
[2024-06-05 16:09:17,334] INFO Node to controller channel manager for alter-partition shutdown (kafka.server.NodeToControllerChannelManagerImpl)
[2024-06-05 16:09:17,335] INFO [zk-broker-0-to-controller-forwarding-channel-manager]: Shutting down (kafka.server.NodeToControllerRequestThread)
[2024-06-05 16:09:17,335] INFO [zk-broker-0-to-controller-forwarding-channel-manager]: Stopped (kafka.server.NodeToControllerRequestThread)
[2024-06-05 16:09:17,335] INFO [zk-broker-0-to-controller-forwarding-channel-manager]: Shutdown completed (kafka.server.NodeToControllerRequestThread)
[2024-06-05 16:09:17,335] INFO Node to controller channel manager for forwarding shutdown (kafka.server.NodeToControllerChannelManagerImpl)
[2024-06-05 16:09:17,336] INFO Shutting down. (kafka.log.LogManager)
[2024-06-05 16:09:17,337] INFO [kafka-log-cleaner-thread-0]: Shutting down (kafka.log.LogCleaner$CleanerThread)
[2024-06-05 16:09:17,338] INFO [kafka-log-cleaner-thread-0]: Stopped (kafka.log.LogCleaner$CleanerThread)
[2024-06-05 16:09:17,338] INFO [kafka-log-cleaner-thread-0]: Shutdown completed (kafka.log.LogCleaner$CleanerThread)
[2024-06-05 16:09:17,502] INFO [ProducerStateManager partition=__consumer_offsets-17] Wrote producer snapshot at offset 798 with 0 producer ids in 7 ms. (org.apache.kafka.storage.internals.log.ProducerStateManager)
[2024-06-05 16:09:17,544] INFO [ProducerStateManager partition=__consumer_offsets-36] Wrote producer snapshot at offset 3 with 0 producer ids in 6 ms. (org.apache.kafka.storage.internals.log.ProducerStateManager)
[2024-06-05 16:09:17,602] INFO [ProducerStateManager partition=__consumer_offsets-18] Wrote producer snapshot at offset 2 with 0 producer ids in 5 ms. (org.apache.kafka.storage.internals.log.ProducerStateManager)
[2024-06-05 16:09:17,633] INFO [ProducerStateManager partition=quickstart-events-0] Wrote producer snapshot at offset 2 with 1 producer ids in 11 ms. (org.apache.kafka.storage.internals.log.ProducerStateManager)
[2024-06-05 16:09:17,651] INFO [ProducerStateManager partition=ousmane-0] Wrote producer snapshot at offset 5 with 4 producer ids in 7 ms. (org.apache.kafka.storage.internals.log.ProducerStateManager)
[2024-06-05 16:09:17,676] INFO [ProducerStateManager partition=wikimedia-stream-0] Wrote producer snapshot at offset 826 with 1 producer ids in 6 ms. (org.apache.kafka.storage.internals.log.ProducerStateManager)
[2024-06-05 16:09:17,689] INFO [ProducerStateManager partition=__consumer_offsets-42] Wrote producer snapshot at offset 3 with 0 producer ids in 6 ms. (org.apache.kafka.storage.internals.log.ProducerStateManager)
[2024-06-05 16:09:17,730] INFO [ProducerStateManager partition=__consumer_offsets-1] Wrote producer snapshot at offset 3 with 0 producer ids in 6 ms. (org.apache.kafka.storage.internals.log.ProducerStateManager)
[2024-06-05 16:09:17,823] INFO Shutdown complete. (kafka.log.LogManager)
[2024-06-05 16:09:17,829] INFO [feature-zk-node-event-process-thread]: Shutting down (kafka.server.FinalizedFeatureChangeListener$ChangeNotificationProcessorThread)
[2024-06-05 16:09:17,829] INFO [feature-zk-node-event-process-thread]: Stopped (kafka.server.FinalizedFeatureChangeListener$ChangeNotificationProcessorThread)
[2024-06-05 16:09:17,829] INFO [feature-zk-node-event-process-thread]: Shutdown completed (kafka.server.FinalizedFeatureChangeListener$ChangeNotificationProcessorThread)
[2024-06-05 16:09:17,830] INFO [ZooKeeperClient Kafka server] Closing. (kafka.zookeeper.ZooKeeperClient)
[2024-06-05 16:09:17,957] INFO Session: 0x1000056be850000 closed (org.apache.zookeeper.ZooKeeper)
[2024-06-05 16:09:17,957] INFO EventThread shut down for session: 0x1000056be850000 (org.apache.zookeeper.ClientCnxn)
[2024-06-05 16:09:17,958] INFO [ZooKeeperClient Kafka server] Closed. (kafka.zookeeper.ZooKeeperClient)
[2024-06-05 16:09:17,959] INFO [ThrottledChannelReaper-Fetch]: Shutting down (kafka.server.ClientQuotaManager$ThrottledChannelReaper)
[2024-06-05 16:09:17,963] INFO [ThrottledChannelReaper-Fetch]: Stopped (kafka.server.ClientQuotaManager$ThrottledChannelReaper)
[2024-06-05 16:09:17,963] INFO [ThrottledChannelReaper-Fetch]: Shutdown completed (kafka.server.ClientQuotaManager$ThrottledChannelReaper)
[2024-06-05 16:09:17,964] INFO [ThrottledChannelReaper-Produce]: Shutting down (kafka.server.ClientQuotaManager$ThrottledChannelReaper)
[2024-06-05 16:09:17,964] INFO [ThrottledChannelReaper-Produce]: Stopped (kafka.server.ClientQuotaManager$ThrottledChannelReaper)
[2024-06-05 16:09:17,964] INFO [ThrottledChannelReaper-Produce]: Shutdown completed (kafka.server.ClientQuotaManager$ThrottledChannelReaper)
[2024-06-05 16:09:17,964] INFO [ThrottledChannelReaper-Request]: Shutting down (kafka.server.ClientQuotaManager$ThrottledChannelReaper)
[2024-06-05 16:09:17,964] INFO [ThrottledChannelReaper-Request]: Stopped (kafka.server.ClientQuotaManager$ThrottledChannelReaper)
[2024-06-05 16:09:17,964] INFO [ThrottledChannelReaper-Request]: Shutdown completed (kafka.server.ClientQuotaManager$ThrottledChannelReaper)
[2024-06-05 16:09:17,964] INFO [ThrottledChannelReaper-ControllerMutation]: Shutting down (kafka.server.ClientQuotaManager$ThrottledChannelReaper)
[2024-06-05 16:09:17,964] INFO [ThrottledChannelReaper-ControllerMutation]: Stopped (kafka.server.ClientQuotaManager$ThrottledChannelReaper)
[2024-06-05 16:09:17,964] INFO [ThrottledChannelReaper-ControllerMutation]: Shutdown completed (kafka.server.ClientQuotaManager$ThrottledChannelReaper)
[2024-06-05 16:09:17,965] INFO [SocketServer listenerType=ZK_BROKER, nodeId=0] Shutting down socket server (kafka.network.SocketServer)
[2024-06-05 16:09:17,983] INFO [SocketServer listenerType=ZK_BROKER, nodeId=0] Shutdown completed (kafka.network.SocketServer)
[2024-06-05 16:09:17,983] INFO Metrics scheduler closed (org.apache.kafka.common.metrics.Metrics)
[2024-06-05 16:09:17,983] INFO Closing reporter org.apache.kafka.common.metrics.JmxReporter (org.apache.kafka.common.metrics.Metrics)
[2024-06-05 16:09:17,984] INFO Metrics reporters closed (org.apache.kafka.common.metrics.Metrics)
[2024-06-05 16:09:17,985] INFO Broker and topic stats closed (kafka.server.BrokerTopicStats)
[2024-06-05 16:09:17,985] INFO App info kafka.server for 0 unregistered (org.apache.kafka.common.utils.AppInfoParser)
[2024-06-05 16:09:17,985] INFO [KafkaServer id=0] shut down completed (kafka.server.KafkaServer)
